<?xml version="1.0" encoding="UTF-8"?>
<testsuite name="EMPTY_NAME" tests="1" skipped="0" failures="0" errors="0" timestamp="2021-09-14T19:38:58" hostname="CHMEP9Z74R93" time="6.457">
  <properties/>
  <testcase name="Traducir de Ingles a Español" classname="EMPTY_NAME" time="6.457"/>
  <system-out><![CDATA[]]></system-out>
  <system-err><![CDATA[sep 14, 2021 2:38:59 PM org.openqa.selenium.remote.DesiredCapabilities chrome
INFORMACIÓN: Using `new ChromeOptions()` is preferred to `DesiredCapabilities.chrome()`
Starting ChromeDriver 93.0.4577.15 (660fc11082ba57405eca2e8c49c3e1af756fbfae-refs/branch-heads/4577@{#203}) on port 35224
Only local connections are allowed.
Please see https://chromedriver.chromium.org/security-considerations for suggestions on keeping ChromeDriver safe.
ChromeDriver was started successfully.
sep 14, 2021 2:39:00 PM org.openqa.selenium.remote.ProtocolHandshake createSession
INFORMACIÓN: Detected dialect: W3C
[Test worker] INFO net.serenitybdd.core.Serenity - 
        __    _____ _____ ____ _____   ____   _    ____  ____  _____ ____  
  _     \ \  |_   _| ____/ ___|_   _| |  _ \ / \  / ___|/ ___|| ____|  _ \ 
 (_)_____| |   | | |  _| \___ \ | |   | |_) / _ \ \___ \\___ \|  _| | | | |
  _|_____| |   | | | |___ ___) || |   |  __/ ___ \ ___) |___) | |___| |_| |
 (_)     | |   |_| |_____|____/ |_|   |_| /_/   \_\____/|____/|_____|____/ 
        /_/                                                                

TEST PASSED: Traducir de Ingles a Español
----------------------------------------------------------------------------
]]></system-err>
</testsuite>
